f:\colamanrenderer\colamanrenderer\colamanrenderer\binaries\x64\debug\colamanrenderer.pdb
f:\colamanrenderer\colamanrenderer\colamanrenderer\binaries\x64\debug\colamanrenderer.idb
f:\colamanrenderer\colamanrenderer\colamanrenderer\intermediate\x64\debug\d3d12view.obj
f:\colamanrenderer\colamanrenderer\colamanrenderer\intermediate\x64\debug\d3d12texture.obj
f:\colamanrenderer\colamanrenderer\colamanrenderer\intermediate\x64\debug\d3d12resource.obj
f:\colamanrenderer\colamanrenderer\colamanrenderer\intermediate\x64\debug\d3d12rhi.obj
f:\colamanrenderer\colamanrenderer\colamanrenderer\intermediate\x64\debug\d3d12memoryallocator.obj
f:\colamanrenderer\colamanrenderer\colamanrenderer\intermediate\x64\debug\d3d12heapslotallocator.obj
f:\colamanrenderer\colamanrenderer\colamanrenderer\intermediate\x64\debug\d3d12device.obj
f:\colamanrenderer\colamanrenderer\colamanrenderer\intermediate\x64\debug\d3d12descriptorcache.obj
f:\colamanrenderer\colamanrenderer\colamanrenderer\intermediate\x64\debug\d3d12commandcontext.obj
f:\colamanrenderer\colamanrenderer\colamanrenderer\intermediate\x64\debug\d3d12buffer.obj
f:\colamanrenderer\colamanrenderer\colamanrenderer\intermediate\x64\debug\meshcomponent.obj
f:\colamanrenderer\colamanrenderer\colamanrenderer\intermediate\x64\debug\component.obj
f:\colamanrenderer\colamanrenderer\colamanrenderer\intermediate\x64\debug\cameracomponent.obj
f:\colamanrenderer\colamanrenderer\colamanrenderer\intermediate\x64\debug\staticmeshactor.obj
f:\colamanrenderer\colamanrenderer\colamanrenderer\intermediate\x64\debug\spotlightactor.obj
f:\colamanrenderer\colamanrenderer\colamanrenderer\intermediate\x64\debug\pointlightactor.obj
f:\colamanrenderer\colamanrenderer\colamanrenderer\intermediate\x64\debug\lightactor.obj
f:\colamanrenderer\colamanrenderer\colamanrenderer\intermediate\x64\debug\directionallightactor.obj
f:\colamanrenderer\colamanrenderer\colamanrenderer\intermediate\x64\debug\cameraactor.obj
f:\colamanrenderer\colamanrenderer\colamanrenderer\intermediate\x64\debug\actor.obj
f:\colamanrenderer\colamanrenderer\colamanrenderer\intermediate\x64\debug\pso.obj
f:\colamanrenderer\colamanrenderer\colamanrenderer\intermediate\x64\debug\inputlayout.obj
f:\colamanrenderer\colamanrenderer\colamanrenderer\intermediate\x64\debug\vertex.obj
f:\colamanrenderer\colamanrenderer\colamanrenderer\intermediate\x64\debug\ray.obj
f:\colamanrenderer\colamanrenderer\colamanrenderer\intermediate\x64\debug\primitive.obj
f:\colamanrenderer\colamanrenderer\colamanrenderer\intermediate\x64\debug\meshrepository.obj
f:\colamanrenderer\colamanrenderer\colamanrenderer\intermediate\x64\debug\mesh.obj
f:\colamanrenderer\colamanrenderer\colamanrenderer\intermediate\x64\debug\color.obj
f:\colamanrenderer\colamanrenderer\colamanrenderer\intermediate\x64\debug\boundingbox.obj
f:\colamanrenderer\colamanrenderer\colamanrenderer\intermediate\x64\debug\bvh.obj
f:\colamanrenderer\colamanrenderer\colamanrenderer\intermediate\x64\debug\transform.obj
f:\colamanrenderer\colamanrenderer\colamanrenderer\intermediate\x64\debug\math.obj
f:\colamanrenderer\colamanrenderer\colamanrenderer\intermediate\x64\debug\materialrepository.obj
f:\colamanrenderer\colamanrenderer\colamanrenderer\intermediate\x64\debug\materialinstance.obj
f:\colamanrenderer\colamanrenderer\colamanrenderer\intermediate\x64\debug\material.obj
f:\colamanrenderer\colamanrenderer\colamanrenderer\intermediate\x64\debug\binarysaver.obj
f:\colamanrenderer\colamanrenderer\colamanrenderer\intermediate\x64\debug\binaryreader.obj
f:\colamanrenderer\colamanrenderer\colamanrenderer\intermediate\x64\debug\gametimer.obj
f:\colamanrenderer\colamanrenderer\colamanrenderer\intermediate\x64\debug\engine.obj
f:\colamanrenderer\colamanrenderer\colamanrenderer\intermediate\x64\debug\d3d12viewport.obj
f:\colamanrenderer\colamanrenderer\colamanrenderer\intermediate\x64\debug\world.obj
f:\colamanrenderer\colamanrenderer\colamanrenderer\intermediate\x64\debug\texturerepository.obj
f:\colamanrenderer\colamanrenderer\colamanrenderer\intermediate\x64\debug\texture.obj
f:\colamanrenderer\colamanrenderer\colamanrenderer\intermediate\x64\debug\wictextureloader.obj
f:\colamanrenderer\colamanrenderer\colamanrenderer\intermediate\x64\debug\hdrtextureloader.obj
f:\colamanrenderer\colamanrenderer\colamanrenderer\intermediate\x64\debug\ddstextureloader.obj
f:\colamanrenderer\colamanrenderer\colamanrenderer\intermediate\x64\debug\shader.obj
f:\colamanrenderer\colamanrenderer\colamanrenderer\intermediate\x64\debug\shadowmap.obj
f:\colamanrenderer\colamanrenderer\colamanrenderer\intermediate\x64\debug\scenecapture.obj
f:\colamanrenderer\colamanrenderer\colamanrenderer\intermediate\x64\debug\rendertarget.obj
f:\colamanrenderer\colamanrenderer\colamanrenderer\intermediate\x64\debug\render.obj
f:\colamanrenderer\colamanrenderer\colamanrenderer\intermediate\x64\debug\d3d12utils.obj
f:\colamanrenderer\colamanrenderer\colamanrenderer\binaries\x64\debug\colamanrenderer.lib
f:\colamanrenderer\colamanrenderer\colamanrenderer\intermediate\x64\debug\colamanrenderer.tlog\cl.command.1.tlog
f:\colamanrenderer\colamanrenderer\colamanrenderer\intermediate\x64\debug\colamanrenderer.tlog\cl.read.1.tlog
f:\colamanrenderer\colamanrenderer\colamanrenderer\intermediate\x64\debug\colamanrenderer.tlog\cl.write.1.tlog
f:\colamanrenderer\colamanrenderer\colamanrenderer\intermediate\x64\debug\colamanrenderer.tlog\lib-link.read.1.tlog
f:\colamanrenderer\colamanrenderer\colamanrenderer\intermediate\x64\debug\colamanrenderer.tlog\lib-link.write.1.tlog
f:\colamanrenderer\colamanrenderer\colamanrenderer\intermediate\x64\debug\colamanrenderer.tlog\lib.command.1.tlog
